<?xml version="1.0" encoding="UTF-8"?>
<testng-results skipped="0" failed="0" total="1" passed="1">
  <reporter-output>
  </reporter-output>
  <suite name="Default suite" duration-ms="28814" started-at="2021-04-13T12:34:50Z" finished-at="2021-04-13T12:35:19Z">
    <groups>
    </groups>
    <test name="Default test" duration-ms="28814" started-at="2021-04-13T12:34:50Z" finished-at="2021-04-13T12:35:19Z">
      <class name="seleniumPractice.Demo1">
        <test-method status="PASS" signature="m()[pri:0, instance:seleniumPractice.Demo1@1794d431]" name="m" duration-ms="28740" started-at="2021-04-13T18:04:50Z" finished-at="2021-04-13T18:05:19Z">
          <reporter-output>
          </reporter-output>
        </test-method> <!-- m -->
      </class> <!-- seleniumPractice.Demo1 -->
    </test> <!-- Default test -->
  </suite> <!-- Default suite -->
</testng-results>
