<?xml version="1.0" encoding="UTF-8"?>
<testng-results skipped="0" failed="0" total="1" passed="1">
  <reporter-output>
  </reporter-output>
  <suite name="Default suite" duration-ms="33688" started-at="2021-03-26T11:48:09Z" finished-at="2021-03-26T11:48:42Z">
    <groups>
    </groups>
    <test name="Default test" duration-ms="33688" started-at="2021-03-26T11:48:09Z" finished-at="2021-03-26T11:48:42Z">
      <class name="BrokenLink.Broken">
        <test-method status="PASS" signature="test()[pri:0, instance:BrokenLink.Broken@1794d431]" name="test" duration-ms="33642" started-at="2021-03-26T17:18:09Z" finished-at="2021-03-26T17:18:42Z">
          <reporter-output>
          </reporter-output>
        </test-method> <!-- test -->
      </class> <!-- BrokenLink.Broken -->
    </test> <!-- Default test -->
  </suite> <!-- Default suite -->
</testng-results>
